<?xml version="1.0" encoding="UTF-8"?>
<coverage generated="1790014422649" clover="3.2.0">
  <project timestamp="1790014422650" name="All files">
    <metrics statements="3" coveredstatements="3" conditionals="2" coveredconditionals="2" methods="1" coveredmethods="1" elements="6" coveredelements="6" complexity="0" loc="3" ncloc="3" packages="1" files="1" classes="1"/>
    <file name="index.js" path="C:\Users\brand\OneDrive\Рабочий стол\homework-regular-1\src\index.js">
      <metrics statements="3" coveredstatements="3" conditionals="2" coveredconditionals="2" methods="1" coveredmethods="1"/>
      <line num="3" count="7" type="stmt"/>
      <line num="4" count="7" type="cond" truecount="2" falsecount="0"/>
      <line num="6" count="6" type="stmt"/>
    </file>
  </project>
</coverage>
