{"C:\\Users\\brand\\OneDrive\\Рабочий стол\\homework-regular-1\\src\\index.js": {"path":"C:\\Users\\brand\\OneDrive\\Рабочий стол\\homework-regular-1\\src\\index.js","statementMap":{"0":{"start":{"line":3,"column":4},"end":{"line":3,"column":21}},"1":{"start":{"line":4,"column":4},"end":{"line":4,"column":33}},"2":{"start":{"line":4,"column":20},"end":{"line":4,"column":33}},"3":{"start":{"line":6,"column":4},"end":{"line":6,"column":78}}},"fnMap":{"0":{"name":"(anonymous_0)","decl":{"start":{"line":2,"column":2},"end":{"line":2,"column":3}},"loc":{"start":{"line":2,"column":25},"end":{"line":7,"column":3}},"line":2}},"branchMap":{"0":{"loc":{"start":{"line":4,"column":4},"end":{"line":4,"column":33}},"type":"if","locations":[{"start":{"line":4,"column":4},"end":{"line":4,"column":33}},{"start":{},"end":{}}],"line":4}},"s":{"0":7,"1":7,"2":1,"3":6},"f":{"0":7},"b":{"0":[1,6]},"_coverageSchema":"1a1c01bbd47fc00a2c39e90264f33305004495a9","hash":"2b7f5534bbbea4399ac97ac7f8f6ae5ce4c66282"}
}
